[ 2018-06-14T09:32:55+08:00 ] ::1 /tp2/index.php/home/user/login
INFO: [ app_init ] --START--
INFO: Run Behavior\BuildLiteBehavior [ RunTime:0.000000s ]
INFO: [ app_init ] --END-- [ RunTime:0.031200s ]
INFO: [ app_begin ] --START--
INFO: Run Behavior\ReadHtmlCacheBehavior [ RunTime:0.015600s ]
INFO: [ app_begin ] --END-- [ RunTime:0.031200s ]
SQL: SHOW COLUMNS FROM `tb_user` [ RunTime:0.0156s ]
SQL: SELECT * FROM `tb_user` WHERE ( userName='admin' )  [ RunTime:0.0000s ]
SQL: select m.* from tb_userrole ur, tb_rolemenu rm, tb_menu m where ur.userid=1 and ur.roleid=rm.roleid and rm.menuid=m.mid and m.isHomePage=1 [ RunTime:0.0156s ]
INFO: [ app_end ] --START--
INFO: Run Behavior\ShowPageTraceBehavior [ RunTime:0.031200s ]
INFO: [ app_end ] --END-- [ RunTime:0.031200s ]

[ 2018-06-14T10:05:38+08:00 ] ::1 /tp2/index.php/home/user/logout
INFO: [ app_init ] --START--
INFO: Run Behavior\BuildLiteBehavior [ RunTime:0.000000s ]
INFO: [ app_init ] --END-- [ RunTime:0.003000s ]
INFO: [ app_begin ] --START--
INFO: Run Behavior\ReadHtmlCacheBehavior [ RunTime:0.002000s ]
INFO: [ app_begin ] --END-- [ RunTime:0.004000s ]
SQL: SHOW COLUMNS FROM `tb_user` [ RunTime:0.0160s ]
INFO: [ app_end ] --START--
INFO: Run Behavior\ShowPageTraceBehavior [ RunTime:0.004000s ]
INFO: [ app_end ] --END-- [ RunTime:0.008001s ]

[ 2018-06-14T10:05:44+08:00 ] ::1 /tp2/index.php/home/user/login
INFO: [ app_init ] --START--
INFO: Run Behavior\BuildLiteBehavior [ RunTime:0.000000s ]
INFO: [ app_init ] --END-- [ RunTime:0.003000s ]
INFO: [ app_begin ] --START--
INFO: Run Behavior\ReadHtmlCacheBehavior [ RunTime:0.002000s ]
INFO: [ app_begin ] --END-- [ RunTime:0.004001s ]
SQL: SHOW COLUMNS FROM `tb_user` [ RunTime:0.0140s ]
SQL: SELECT * FROM `tb_user` WHERE ( userName='admin' )  [ RunTime:0.0010s ]
SQL: select m.* from tb_userrole ur, tb_rolemenu rm, tb_menu m where ur.userid=1 and ur.roleid=rm.roleid and rm.menuid=m.mid and m.isHomePage=1 [ RunTime:0.0020s ]
INFO: [ app_end ] --START--
INFO: Run Behavior\ShowPageTraceBehavior [ RunTime:0.002000s ]
INFO: [ app_end ] --END-- [ RunTime:0.006000s ]

[ 2018-06-14T10:05:59+08:00 ] ::1 /tp2/index.php/home/Permission/loadAllRoles
INFO: [ app_init ] --START--
INFO: Run Behavior\BuildLiteBehavior [ RunTime:0.001000s ]
INFO: [ app_init ] --END-- [ RunTime:0.003000s ]
INFO: [ app_begin ] --START--
INFO: Run Behavior\ReadHtmlCacheBehavior [ RunTime:0.001000s ]
INFO: [ app_begin ] --END-- [ RunTime:0.003000s ]
SQL: SHOW COLUMNS FROM `tb_role` [ RunTime:0.0130s ]
SQL: SELECT * FROM `tb_role`  [ RunTime:0.0010s ]
INFO: [ app_end ] --START--
INFO: Run Behavior\ShowPageTraceBehavior [ RunTime:0.002000s ]
INFO: [ app_end ] --END-- [ RunTime:0.003000s ]

[ 2018-06-14T10:06:51+08:00 ] ::1 /tp2/index.php/home/Permission/loadAllRoles
INFO: [ app_init ] --START--
INFO: Run Behavior\BuildLiteBehavior [ RunTime:0.001000s ]
INFO: [ app_init ] --END-- [ RunTime:0.003000s ]
INFO: [ app_begin ] --START--
INFO: Run Behavior\ReadHtmlCacheBehavior [ RunTime:0.002000s ]
INFO: [ app_begin ] --END-- [ RunTime:0.004000s ]
SQL: SHOW COLUMNS FROM `tb_role` [ RunTime:0.0140s ]
SQL: SELECT * FROM `tb_role`  [ RunTime:0.0010s ]
INFO: [ app_end ] --START--
INFO: Run Behavior\ShowPageTraceBehavior [ RunTime:0.003001s ]
INFO: [ app_end ] --END-- [ RunTime:0.007001s ]

[ 2018-06-14T10:07:09+08:00 ] ::1 /tp2/index.php/home/Permission/loadAllRoles
INFO: [ app_init ] --START--
INFO: Run Behavior\BuildLiteBehavior [ RunTime:0.000000s ]
INFO: [ app_init ] --END-- [ RunTime:0.003000s ]
INFO: [ app_begin ] --START--
INFO: Run Behavior\ReadHtmlCacheBehavior [ RunTime:0.001000s ]
INFO: [ app_begin ] --END-- [ RunTime:0.003000s ]
SQL: SHOW COLUMNS FROM `tb_role` [ RunTime:0.0140s ]
SQL: SELECT * FROM `tb_role`  [ RunTime:0.0010s ]
INFO: [ app_end ] --START--
INFO: Run Behavior\ShowPageTraceBehavior [ RunTime:0.004000s ]
INFO: [ app_end ] --END-- [ RunTime:0.008000s ]

[ 2018-06-14T10:07:57+08:00 ] ::1 /tp2/index.php/home/Permission/loadAllRoles
INFO: [ app_init ] --START--
INFO: Run Behavior\BuildLiteBehavior [ RunTime:0.000000s ]
INFO: [ app_init ] --END-- [ RunTime:0.003000s ]
INFO: [ app_begin ] --START--
INFO: Run Behavior\ReadHtmlCacheBehavior [ RunTime:0.001000s ]
INFO: [ app_begin ] --END-- [ RunTime:0.003000s ]
SQL: SHOW COLUMNS FROM `tb_role` [ RunTime:0.0140s ]
SQL: SELECT * FROM `tb_role`  [ RunTime:0.0020s ]
INFO: [ app_end ] --START--
INFO: Run Behavior\ShowPageTraceBehavior [ RunTime:0.002000s ]
INFO: [ app_end ] --END-- [ RunTime:0.004000s ]

[ 2018-06-14T10:10:35+08:00 ] ::1 /tp2/index.php/home/Permission/loadAllRoles
INFO: [ app_init ] --START--
INFO: Run Behavior\BuildLiteBehavior [ RunTime:0.001000s ]
INFO: [ app_init ] --END-- [ RunTime:0.003000s ]
INFO: [ app_begin ] --START--
INFO: Run Behavior\ReadHtmlCacheBehavior [ RunTime:0.002000s ]
INFO: [ app_begin ] --END-- [ RunTime:0.003000s ]
SQL: SHOW COLUMNS FROM `tb_role` [ RunTime:0.0140s ]
SQL: SELECT * FROM `tb_role`  [ RunTime:0.0020s ]
INFO: [ app_end ] --START--
INFO: Run Behavior\ShowPageTraceBehavior [ RunTime:0.003000s ]
INFO: [ app_end ] --END-- [ RunTime:0.007000s ]

[ 2018-06-14T10:10:59+08:00 ] ::1 /tp2/index.php/home/Permission/loadAllRoles
INFO: [ app_init ] --START--
INFO: Run Behavior\BuildLiteBehavior [ RunTime:0.001000s ]
INFO: [ app_init ] --END-- [ RunTime:0.003000s ]
INFO: [ app_begin ] --START--
INFO: Run Behavior\ReadHtmlCacheBehavior [ RunTime:0.001000s ]
INFO: [ app_begin ] --END-- [ RunTime:0.003000s ]
SQL: SHOW COLUMNS FROM `tb_role` [ RunTime:0.0150s ]
SQL: SELECT * FROM `tb_role`  [ RunTime:0.0020s ]
INFO: [ app_end ] --START--
INFO: Run Behavior\ShowPageTraceBehavior [ RunTime:0.004000s ]
INFO: [ app_end ] --END-- [ RunTime:0.007000s ]

[ 2018-06-14T10:32:39+08:00 ] ::1 /tp2/index.php/home/Permission/loadAllRoles
INFO: [ app_init ] --START--
INFO: Run Behavior\BuildLiteBehavior [ RunTime:0.000000s ]
INFO: [ app_init ] --END-- [ RunTime:0.003000s ]
INFO: [ app_begin ] --START--
INFO: Run Behavior\ReadHtmlCacheBehavior [ RunTime:0.001000s ]
INFO: [ app_begin ] --END-- [ RunTime:0.003000s ]
SQL: SHOW COLUMNS FROM `tb_role` [ RunTime:5.0083s ]
SQL: SELECT * FROM `tb_role`  [ RunTime:0.0010s ]
INFO: [ app_end ] --START--
INFO: Run Behavior\ShowPageTraceBehavior [ RunTime:0.002000s ]
INFO: [ app_end ] --END-- [ RunTime:0.003000s ]

[ 2018-06-14T10:32:42+08:00 ] ::1 /tp2/index.php/home/Permission/loadAllRoles
INFO: [ app_init ] --START--
INFO: Run Behavior\BuildLiteBehavior [ RunTime:0.000000s ]
INFO: [ app_init ] --END-- [ RunTime:0.002001s ]
INFO: [ app_begin ] --START--
INFO: Run Behavior\ReadHtmlCacheBehavior [ RunTime:0.001000s ]
INFO: [ app_begin ] --END-- [ RunTime:0.003001s ]
SQL: SHOW COLUMNS FROM `tb_role` [ RunTime:0.0090s ]
SQL: SELECT * FROM `tb_role`  [ RunTime:0.0010s ]
INFO: [ app_end ] --START--
INFO: Run Behavior\ShowPageTraceBehavior [ RunTime:0.002000s ]
INFO: [ app_end ] --END-- [ RunTime:0.007000s ]

[ 2018-06-14T10:32:55+08:00 ] ::1 /tp2/index.php/home/Permission/loadAllRoles
INFO: [ app_init ] --START--
INFO: Run Behavior\BuildLiteBehavior [ RunTime:0.000000s ]
INFO: [ app_init ] --END-- [ RunTime:0.003000s ]
INFO: [ app_begin ] --START--
INFO: Run Behavior\ReadHtmlCacheBehavior [ RunTime:0.002000s ]
INFO: [ app_begin ] --END-- [ RunTime:0.003000s ]
SQL: SHOW COLUMNS FROM `tb_role` [ RunTime:0.0080s ]
SQL: SELECT * FROM `tb_role`  [ RunTime:0.0020s ]
INFO: [ app_end ] --START--
INFO: Run Behavior\ShowPageTraceBehavior [ RunTime:0.003000s ]
INFO: [ app_end ] --END-- [ RunTime:0.007000s ]

[ 2018-06-14T10:45:56+08:00 ] ::1 /tp2/index.php/home/Permission/loadAllRoles
INFO: [ app_init ] --START--
INFO: Run Behavior\BuildLiteBehavior [ RunTime:0.001000s ]
INFO: [ app_init ] --END-- [ RunTime:0.003000s ]
INFO: [ app_begin ] --START--
INFO: Run Behavior\ReadHtmlCacheBehavior [ RunTime:0.001000s ]
INFO: [ app_begin ] --END-- [ RunTime:0.003000s ]
SQL: SHOW COLUMNS FROM `tb_role` [ RunTime:0.0150s ]
SQL: SELECT * FROM `tb_role`  [ RunTime:0.0010s ]
INFO: [ app_end ] --START--
INFO: Run Behavior\ShowPageTraceBehavior [ RunTime:0.004000s ]
INFO: [ app_end ] --END-- [ RunTime:0.007000s ]

[ 2018-06-14T10:45:59+08:00 ] ::1 /tp2/index.php/home/Permission/loadUserRoles?rid=1
INFO: [ app_init ] --START--
INFO: Run Behavior\BuildLiteBehavior [ RunTime:0.000000s ]
INFO: [ app_init ] --END-- [ RunTime:0.003000s ]
INFO: [ app_begin ] --START--
INFO: Run Behavior\ReadHtmlCacheBehavior [ RunTime:0.002000s ]
INFO: [ app_begin ] --END-- [ RunTime:0.003000s ]
SQL: SHOW COLUMNS FROM `tb_role` [ RunTime:0.0140s ]
SQL: select u.userid,u.realname,(select 1 from tb_userrole ur where ur.userid=u.userid and ur.roleid=1) as checked from tb_user u [ RunTime:0.0020s ]
INFO: [ app_end ] --START--
INFO: Run Behavior\ShowPageTraceBehavior [ RunTime:0.003000s ]
INFO: [ app_end ] --END-- [ RunTime:0.007001s ]

[ 2018-06-14T10:48:21+08:00 ] ::1 /tp2/index.php/home/Permission/loadAllRoles
INFO: [ app_init ] --START--
INFO: Run Behavior\BuildLiteBehavior [ RunTime:0.000000s ]
INFO: [ app_init ] --END-- [ RunTime:0.003001s ]
INFO: [ app_begin ] --START--
INFO: Run Behavior\ReadHtmlCacheBehavior [ RunTime:0.001000s ]
INFO: [ app_begin ] --END-- [ RunTime:0.003001s ]
SQL: SHOW COLUMNS FROM `tb_role` [ RunTime:0.0140s ]
SQL: SELECT * FROM `tb_role`  [ RunTime:0.0010s ]
INFO: [ app_end ] --START--
INFO: Run Behavior\ShowPageTraceBehavior [ RunTime:0.001000s ]
INFO: [ app_end ] --END-- [ RunTime:0.003001s ]

[ 2018-06-14T10:48:23+08:00 ] ::1 /tp2/index.php/home/Permission/loadUserRoles?rid=1
INFO: [ app_init ] --START--
INFO: Run Behavior\BuildLiteBehavior [ RunTime:0.001000s ]
INFO: [ app_init ] --END-- [ RunTime:0.003000s ]
INFO: [ app_begin ] --START--
INFO: Run Behavior\ReadHtmlCacheBehavior [ RunTime:0.001000s ]
INFO: [ app_begin ] --END-- [ RunTime:0.003000s ]
SQL: SHOW COLUMNS FROM `tb_role` [ RunTime:0.0140s ]
SQL: select u.userid,u.realname,(select 1 from tb_userrole ur where ur.userid=u.userid and ur.roleid=1) as checked from tb_user u [ RunTime:0.0020s ]
INFO: [ app_end ] --START--
INFO: Run Behavior\ShowPageTraceBehavior [ RunTime:0.003000s ]
INFO: [ app_end ] --END-- [ RunTime:0.007000s ]

[ 2018-06-14T10:48:54+08:00 ] ::1 /tp2/index.php/home/Permission/loadAllRoles
INFO: [ app_init ] --START--
INFO: Run Behavior\BuildLiteBehavior [ RunTime:0.000000s ]
INFO: [ app_init ] --END-- [ RunTime:0.002000s ]
INFO: [ app_begin ] --START--
INFO: Run Behavior\ReadHtmlCacheBehavior [ RunTime:0.001000s ]
INFO: [ app_begin ] --END-- [ RunTime:0.003001s ]
SQL: SHOW COLUMNS FROM `tb_role` [ RunTime:0.0130s ]
SQL: SELECT * FROM `tb_role`  [ RunTime:0.0020s ]
INFO: [ app_end ] --START--
INFO: Run Behavior\ShowPageTraceBehavior [ RunTime:0.003000s ]
INFO: [ app_end ] --END-- [ RunTime:0.006000s ]

[ 2018-06-14T10:48:56+08:00 ] ::1 /tp2/index.php/home/Permission/loadUserRoles?rid=1
INFO: [ app_init ] --START--
INFO: Run Behavior\BuildLiteBehavior [ RunTime:0.000000s ]
INFO: [ app_init ] --END-- [ RunTime:0.003000s ]
INFO: [ app_begin ] --START--
INFO: Run Behavior\ReadHtmlCacheBehavior [ RunTime:0.001000s ]
INFO: [ app_begin ] --END-- [ RunTime:0.003000s ]
SQL: SHOW COLUMNS FROM `tb_role` [ RunTime:0.0140s ]
SQL: select u.userid,u.realname,(select 1 from tb_userrole ur where ur.userid=u.userid and ur.roleid=1) as checked from tb_user u [ RunTime:0.0010s ]
INFO: [ app_end ] --START--
INFO: Run Behavior\ShowPageTraceBehavior [ RunTime:0.003000s ]
INFO: [ app_end ] --END-- [ RunTime:0.008000s ]

[ 2018-06-14T10:51:07+08:00 ] ::1 /tp2/index.php/home/Permission/loadAllRoles
INFO: [ app_init ] --START--
INFO: Run Behavior\BuildLiteBehavior [ RunTime:0.001000s ]
INFO: [ app_init ] --END-- [ RunTime:0.003000s ]
INFO: [ app_begin ] --START--
INFO: Run Behavior\ReadHtmlCacheBehavior [ RunTime:0.002000s ]
INFO: [ app_begin ] --END-- [ RunTime:0.003000s ]
SQL: SHOW COLUMNS FROM `tb_role` [ RunTime:0.0150s ]
SQL: SELECT * FROM `tb_role`  [ RunTime:0.0020s ]
INFO: [ app_end ] --START--
INFO: Run Behavior\ShowPageTraceBehavior [ RunTime:0.003000s ]
INFO: [ app_end ] --END-- [ RunTime:0.006000s ]

[ 2018-06-14T10:51:10+08:00 ] ::1 /tp2/index.php/home/Permission/loadUserRoles?rid=1
INFO: [ app_init ] --START--
INFO: Run Behavior\BuildLiteBehavior [ RunTime:0.001000s ]
INFO: [ app_init ] --END-- [ RunTime:0.003000s ]
INFO: [ app_begin ] --START--
INFO: Run Behavior\ReadHtmlCacheBehavior [ RunTime:0.002000s ]
INFO: [ app_begin ] --END-- [ RunTime:0.003000s ]
SQL: SHOW COLUMNS FROM `tb_role` [ RunTime:0.0130s ]
SQL: select u.userid,u.realname,(select 1 from tb_userrole ur where ur.userid=u.userid and ur.roleid=1) as checked from tb_user u [ RunTime:0.0010s ]
INFO: [ app_end ] --START--
INFO: Run Behavior\ShowPageTraceBehavior [ RunTime:0.003000s ]
INFO: [ app_end ] --END-- [ RunTime:0.007000s ]

[ 2018-06-14T10:54:01+08:00 ] ::1 /tp2/index.php/home/Permission/loadAllRoles
INFO: [ app_init ] --START--
INFO: Run Behavior\BuildLiteBehavior [ RunTime:0.000000s ]
INFO: [ app_init ] --END-- [ RunTime:0.003001s ]
INFO: [ app_begin ] --START--
INFO: Run Behavior\ReadHtmlCacheBehavior [ RunTime:0.002001s ]
INFO: [ app_begin ] --END-- [ RunTime:0.003001s ]
SQL: SHOW COLUMNS FROM `tb_role` [ RunTime:0.0150s ]
SQL: SELECT * FROM `tb_role`  [ RunTime:0.0020s ]
INFO: [ app_end ] --START--
INFO: Run Behavior\ShowPageTraceBehavior [ RunTime:0.002000s ]
INFO: [ app_end ] --END-- [ RunTime:0.003000s ]

[ 2018-06-14T10:54:04+08:00 ] ::1 /tp2/index.php/home/Permission/loadUserRoles?rid=1
INFO: [ app_init ] --START--
INFO: Run Behavior\BuildLiteBehavior [ RunTime:0.001000s ]
INFO: [ app_init ] --END-- [ RunTime:0.003001s ]
INFO: [ app_begin ] --START--
INFO: Run Behavior\ReadHtmlCacheBehavior [ RunTime:0.001000s ]
INFO: [ app_begin ] --END-- [ RunTime:0.003000s ]
SQL: SHOW COLUMNS FROM `tb_role` [ RunTime:0.0050s ]
SQL: select u.userid,u.realname,(select 1 from tb_userrole ur where ur.userid=u.userid and ur.roleid=1) as checked from tb_user u [ RunTime:0.0010s ]
INFO: [ app_end ] --START--
INFO: Run Behavior\ShowPageTraceBehavior [ RunTime:0.001000s ]
INFO: [ app_end ] --END-- [ RunTime:0.003000s ]

[ 2018-06-14T10:54:53+08:00 ] ::1 /tp2/index.php/home/Permission/loadAllRoles
INFO: [ app_init ] --START--
INFO: Run Behavior\BuildLiteBehavior [ RunTime:0.000000s ]
INFO: [ app_init ] --END-- [ RunTime:0.003001s ]
INFO: [ app_begin ] --START--
INFO: Run Behavior\ReadHtmlCacheBehavior [ RunTime:0.002000s ]
INFO: [ app_begin ] --END-- [ RunTime:0.003001s ]
SQL: SHOW COLUMNS FROM `tb_role` [ RunTime:0.0130s ]
SQL: SELECT * FROM `tb_role`  [ RunTime:0.0020s ]
INFO: [ app_end ] --START--
INFO: Run Behavior\ShowPageTraceBehavior [ RunTime:0.003000s ]
INFO: [ app_end ] --END-- [ RunTime:0.007000s ]

[ 2018-06-14T10:54:55+08:00 ] ::1 /tp2/index.php/home/Permission/loadUserRoles?rid=1
INFO: [ app_init ] --START--
INFO: Run Behavior\BuildLiteBehavior [ RunTime:0.001000s ]
INFO: [ app_init ] --END-- [ RunTime:0.003000s ]
INFO: [ app_begin ] --START--
INFO: Run Behavior\ReadHtmlCacheBehavior [ RunTime:0.002000s ]
INFO: [ app_begin ] --END-- [ RunTime:0.003000s ]
SQL: SHOW COLUMNS FROM `tb_role` [ RunTime:0.0140s ]
SQL: select u.userid,u.realname,(select 1 from tb_userrole ur where ur.userid=u.userid and ur.roleid=1) as checked from tb_user u [ RunTime:0.0020s ]
INFO: [ app_end ] --START--
INFO: Run Behavior\ShowPageTraceBehavior [ RunTime:0.001000s ]
INFO: [ app_end ] --END-- [ RunTime:0.003001s ]

[ 2018-06-14T10:59:22+08:00 ] ::1 /tp2/index.php/home/Permission/loadAllRoles
INFO: [ app_init ] --START--
INFO: Run Behavior\BuildLiteBehavior [ RunTime:0.000000s ]
INFO: [ app_init ] --END-- [ RunTime:0.002000s ]
INFO: [ app_begin ] --START--
INFO: Run Behavior\ReadHtmlCacheBehavior [ RunTime:0.002000s ]
INFO: [ app_begin ] --END-- [ RunTime:0.003000s ]
SQL: SHOW COLUMNS FROM `tb_role` [ RunTime:0.0070s ]
SQL: SELECT * FROM `tb_role`  [ RunTime:0.0010s ]
INFO: [ app_end ] --START--
INFO: Run Behavior\ShowPageTraceBehavior [ RunTime:0.001000s ]
INFO: [ app_end ] --END-- [ RunTime:0.003000s ]

[ 2018-06-14T10:59:24+08:00 ] ::1 /tp2/index.php/home/Permission/loadUserRoles?rid=1
INFO: [ app_init ] --START--
INFO: Run Behavior\BuildLiteBehavior [ RunTime:0.000000s ]
INFO: [ app_init ] --END-- [ RunTime:0.002000s ]
INFO: [ app_begin ] --START--
INFO: Run Behavior\ReadHtmlCacheBehavior [ RunTime:0.002000s ]
INFO: [ app_begin ] --END-- [ RunTime:0.003000s ]
SQL: SHOW COLUMNS FROM `tb_role` [ RunTime:0.0060s ]
SQL: select u.userid,u.realname,(select 1 from tb_userrole ur where ur.userid=u.userid and ur.roleid=1) as checked from tb_user u [ RunTime:0.0010s ]
INFO: [ app_end ] --START--
INFO: Run Behavior\ShowPageTraceBehavior [ RunTime:0.002000s ]
INFO: [ app_end ] --END-- [ RunTime:0.003000s ]

[ 2018-06-14T11:19:54+08:00 ] ::1 /tp2/index.php/home/Permission/loadAllRoles
INFO: [ app_init ] --START--
INFO: Run Behavior\BuildLiteBehavior [ RunTime:0.000000s ]
INFO: [ app_init ] --END-- [ RunTime:0.003000s ]
INFO: [ app_begin ] --START--
INFO: Run Behavior\ReadHtmlCacheBehavior [ RunTime:0.002000s ]
INFO: [ app_begin ] --END-- [ RunTime:0.003000s ]
SQL: SHOW COLUMNS FROM `tb_role` [ RunTime:0.0160s ]
SQL: SELECT * FROM `tb_role`  [ RunTime:0.0010s ]
INFO: [ app_end ] --START--
INFO: Run Behavior\ShowPageTraceBehavior [ RunTime:0.003001s ]
INFO: [ app_end ] --END-- [ RunTime:0.007001s ]

[ 2018-06-14T11:19:57+08:00 ] ::1 /tp2/index.php/home/Permission/loadUserRoles?rid=1
INFO: [ app_init ] --START--
INFO: Run Behavior\BuildLiteBehavior [ RunTime:0.000000s ]
INFO: [ app_init ] --END-- [ RunTime:0.003000s ]
INFO: [ app_begin ] --START--
INFO: Run Behavior\ReadHtmlCacheBehavior [ RunTime:0.001000s ]
INFO: [ app_begin ] --END-- [ RunTime:0.003000s ]
SQL: SHOW COLUMNS FROM `tb_role` [ RunTime:0.0060s ]
SQL: select u.userid,u.realname,(select 1 from tb_userrole ur where ur.userid=u.userid and ur.roleid=1) as checked from tb_user u [ RunTime:0.0010s ]
INFO: [ app_end ] --START--
INFO: Run Behavior\ShowPageTraceBehavior [ RunTime:0.001000s ]
INFO: [ app_end ] --END-- [ RunTime:0.002000s ]

[ 2018-06-14T11:20:07+08:00 ] ::1 /tp2/index.php/home/Permission/editUserRole?rid=1&userids=1
INFO: [ app_init ] --START--
INFO: Run Behavior\BuildLiteBehavior [ RunTime:0.001000s ]
INFO: [ app_init ] --END-- [ RunTime:0.003000s ]
INFO: [ app_begin ] --START--
INFO: Run Behavior\ReadHtmlCacheBehavior [ RunTime:0.001000s ]
INFO: [ app_begin ] --END-- [ RunTime:0.003000s ]
SQL: SHOW COLUMNS FROM `tb_role` [ RunTime:0.0130s ]
SQL: SHOW COLUMNS FROM `tb_userrole` [ RunTime:0.0130s ]
SQL: DELETE FROM `tb_userrole` WHERE ( roleid=1 ) [ RunTime:0.0030s ]
SQL: SHOW COLUMNS FROM `tb_userrole` [ RunTime:0.0120s ]
INFO: [ app_end ] --START--
INFO: Run Behavior\ShowPageTraceBehavior [ RunTime:0.002000s ]
INFO: [ app_end ] --END-- [ RunTime:0.005000s ]

[ 2018-06-14T11:22:48+08:00 ] ::1 /tp2/index.php/home/Permission/loadAllRoles
INFO: [ app_init ] --START--
INFO: Run Behavior\BuildLiteBehavior [ RunTime:0.001000s ]
INFO: [ app_init ] --END-- [ RunTime:0.003000s ]
INFO: [ app_begin ] --START--
INFO: Run Behavior\ReadHtmlCacheBehavior [ RunTime:0.002000s ]
INFO: [ app_begin ] --END-- [ RunTime:0.003000s ]
SQL: SHOW COLUMNS FROM `tb_role` [ RunTime:0.0130s ]
SQL: SELECT * FROM `tb_role`  [ RunTime:0.0020s ]
INFO: [ app_end ] --START--
INFO: Run Behavior\ShowPageTraceBehavior [ RunTime:0.003000s ]
INFO: [ app_end ] --END-- [ RunTime:0.007000s ]

[ 2018-06-14T11:22:51+08:00 ] ::1 /tp2/index.php/home/Permission/loadUserRoles?rid=1
INFO: [ app_init ] --START--
INFO: Run Behavior\BuildLiteBehavior [ RunTime:0.001000s ]
INFO: [ app_init ] --END-- [ RunTime:0.003000s ]
INFO: [ app_begin ] --START--
INFO: Run Behavior\ReadHtmlCacheBehavior [ RunTime:0.002000s ]
INFO: [ app_begin ] --END-- [ RunTime:0.003000s ]
SQL: SHOW COLUMNS FROM `tb_role` [ RunTime:0.0130s ]
SQL: select u.userid,u.realname,(select 1 from tb_userrole ur where ur.userid=u.userid and ur.roleid=1) as checked from tb_user u [ RunTime:0.0030s ]
INFO: [ app_end ] --START--
INFO: Run Behavior\ShowPageTraceBehavior [ RunTime:0.001000s ]
INFO: [ app_end ] --END-- [ RunTime:0.004000s ]

[ 2018-06-14T11:22:56+08:00 ] ::1 /tp2/index.php/home/Permission/editUserRole?rid=1&userids=1
INFO: [ app_init ] --START--
INFO: Run Behavior\BuildLiteBehavior [ RunTime:0.000000s ]
INFO: [ app_init ] --END-- [ RunTime:0.003000s ]
INFO: [ app_begin ] --START--
INFO: Run Behavior\ReadHtmlCacheBehavior [ RunTime:0.001000s ]
INFO: [ app_begin ] --END-- [ RunTime:0.003000s ]
SQL: SHOW COLUMNS FROM `tb_role` [ RunTime:0.0150s ]
SQL: SHOW COLUMNS FROM `tb_userrole` [ RunTime:0.0130s ]
SQL: DELETE FROM `tb_userrole` WHERE ( roleid=1 ) [ RunTime:0.0020s ]
SQL: SHOW COLUMNS FROM `tb_userrole` [ RunTime:0.0130s ]
SQL: INSERT INTO `tb_userrole` (`roleid`) VALUES ('1') [ RunTime:0.0030s ]
INFO: [ app_end ] --START--
INFO: Run Behavior\ShowPageTraceBehavior [ RunTime:0.002001s ]
INFO: [ app_end ] --END-- [ RunTime:0.005001s ]

[ 2018-06-14T11:23:33+08:00 ] ::1 /tp2/index.php/home/Permission/editUserRole?rid=1&userids=1
INFO: [ app_init ] --START--
INFO: Run Behavior\BuildLiteBehavior [ RunTime:0.000000s ]
INFO: [ app_init ] --END-- [ RunTime:0.002000s ]
INFO: [ app_begin ] --START--
INFO: Run Behavior\ReadHtmlCacheBehavior [ RunTime:0.001000s ]
INFO: [ app_begin ] --END-- [ RunTime:0.003000s ]
SQL: SHOW COLUMNS FROM `tb_role` [ RunTime:0.0150s ]
SQL: SHOW COLUMNS FROM `tb_userrole` [ RunTime:0.0120s ]
SQL: DELETE FROM `tb_userrole` WHERE ( roleid=1 ) [ RunTime:0.0010s ]
SQL: SHOW COLUMNS FROM `tb_userrole` [ RunTime:0.0080s ]
SQL: SHOW COLUMNS FROM `tb_userrole` [ RunTime:0.0080s ]
SQL: INSERT INTO `tb_userrole` (`userid`) VALUES ('1') [ RunTime:0.0040s ]
INFO: [ app_end ] --START--
INFO: Run Behavior\ShowPageTraceBehavior [ RunTime:0.002000s ]
INFO: [ app_end ] --END-- [ RunTime:0.004001s ]

[ 2018-06-14T11:26:20+08:00 ] ::1 /tp2/index.php/home/Permission/editUserRole?rid=1&userids=1
INFO: [ app_init ] --START--
INFO: Run Behavior\BuildLiteBehavior [ RunTime:0.001000s ]
INFO: [ app_init ] --END-- [ RunTime:0.003000s ]
INFO: [ app_begin ] --START--
INFO: Run Behavior\ReadHtmlCacheBehavior [ RunTime:0.002000s ]
INFO: [ app_begin ] --END-- [ RunTime:0.004000s ]
SQL: SHOW COLUMNS FROM `tb_role` [ RunTime:0.0130s ]
SQL: SHOW COLUMNS FROM `tb_userrole` [ RunTime:0.0080s ]
SQL: DELETE FROM `tb_userrole` WHERE ( roleid=1 ) [ RunTime:0.0010s ]
SQL: SHOW COLUMNS FROM `tb_userrole` [ RunTime:0.0080s ]
NOTIC: [8] Undefined index: validate E:\php\webapp\tp2\ThinkPHP\Library\Think\Model.class.php 第 1185 行.
SQL: SHOW COLUMNS FROM `tb_userrole` [ RunTime:0.0060s ]
NOTIC: [8] Undefined index: auto E:\php\webapp\tp2\ThinkPHP\Library\Think\Model.class.php 第 1128 行.

[ 2018-06-14T11:26:33+08:00 ] ::1 /tp2/index.php/home/Permission/loadAllRoles
INFO: [ app_init ] --START--
INFO: Run Behavior\BuildLiteBehavior [ RunTime:0.001000s ]
INFO: [ app_init ] --END-- [ RunTime:0.004000s ]
INFO: [ app_begin ] --START--
INFO: Run Behavior\ReadHtmlCacheBehavior [ RunTime:0.002000s ]
INFO: [ app_begin ] --END-- [ RunTime:0.002000s ]
SQL: SHOW COLUMNS FROM `tb_role` [ RunTime:0.0130s ]
SQL: SELECT * FROM `tb_role`  [ RunTime:0.0010s ]
INFO: [ app_end ] --START--
INFO: Run Behavior\ShowPageTraceBehavior [ RunTime:0.002000s ]
INFO: [ app_end ] --END-- [ RunTime:0.005001s ]

[ 2018-06-14T11:26:35+08:00 ] ::1 /tp2/index.php/home/Permission/loadUserRoles?rid=1
INFO: [ app_init ] --START--
INFO: Run Behavior\BuildLiteBehavior [ RunTime:0.001000s ]
INFO: [ app_init ] --END-- [ RunTime:0.003000s ]
INFO: [ app_begin ] --START--
INFO: Run Behavior\ReadHtmlCacheBehavior [ RunTime:0.001000s ]
INFO: [ app_begin ] --END-- [ RunTime:0.003000s ]
SQL: SHOW COLUMNS FROM `tb_role` [ RunTime:0.0140s ]
SQL: select u.userid,u.realname,(select 1 from tb_userrole ur where ur.userid=u.userid and ur.roleid=1) as checked from tb_user u [ RunTime:0.0020s ]
INFO: [ app_end ] --START--
INFO: Run Behavior\ShowPageTraceBehavior [ RunTime:0.003001s ]
INFO: [ app_end ] --END-- [ RunTime:0.007001s ]

[ 2018-06-14T11:26:45+08:00 ] ::1 /tp2/index.php/home/Permission/editUserRole?rid=1&userids=1
INFO: [ app_init ] --START--
INFO: Run Behavior\BuildLiteBehavior [ RunTime:0.001000s ]
INFO: [ app_init ] --END-- [ RunTime:0.003000s ]
INFO: [ app_begin ] --START--
INFO: Run Behavior\ReadHtmlCacheBehavior [ RunTime:0.001000s ]
INFO: [ app_begin ] --END-- [ RunTime:0.003000s ]
SQL: SHOW COLUMNS FROM `tb_role` [ RunTime:0.0130s ]
SQL: SHOW COLUMNS FROM `tb_userrole` [ RunTime:0.0140s ]
SQL: DELETE FROM `tb_userrole` WHERE ( roleid=1 ) [ RunTime:0.0020s ]
SQL: SHOW COLUMNS FROM `tb_userrole` [ RunTime:0.0120s ]
NOTIC: [8] Undefined index: validate E:\php\webapp\tp2\ThinkPHP\Library\Think\Model.class.php 第 1185 行.
SQL: SHOW COLUMNS FROM `tb_userrole` [ RunTime:0.0080s ]
NOTIC: [8] Undefined index: auto E:\php\webapp\tp2\ThinkPHP\Library\Think\Model.class.php 第 1128 行.

[ 2018-06-14T11:27:17+08:00 ] ::1 /tp2/index.php/home/Permission/loadAllRoles
INFO: [ app_init ] --START--
INFO: Run Behavior\BuildLiteBehavior [ RunTime:0.000000s ]
INFO: [ app_init ] --END-- [ RunTime:0.003001s ]
INFO: [ app_begin ] --START--
INFO: Run Behavior\ReadHtmlCacheBehavior [ RunTime:0.001000s ]
INFO: [ app_begin ] --END-- [ RunTime:0.003001s ]
SQL: SHOW COLUMNS FROM `tb_role` [ RunTime:0.0140s ]
SQL: SELECT * FROM `tb_role`  [ RunTime:0.0020s ]
INFO: [ app_end ] --START--
INFO: Run Behavior\ShowPageTraceBehavior [ RunTime:0.004000s ]
INFO: [ app_end ] --END-- [ RunTime:0.007000s ]

[ 2018-06-14T11:27:20+08:00 ] ::1 /tp2/index.php/home/Permission/loadUserRoles?rid=1
INFO: [ app_init ] --START--
INFO: Run Behavior\BuildLiteBehavior [ RunTime:0.000000s ]
INFO: [ app_init ] --END-- [ RunTime:0.003000s ]
INFO: [ app_begin ] --START--
INFO: Run Behavior\ReadHtmlCacheBehavior [ RunTime:0.002000s ]
INFO: [ app_begin ] --END-- [ RunTime:0.003000s ]
SQL: SHOW COLUMNS FROM `tb_role` [ RunTime:0.0110s ]
SQL: select u.userid,u.realname,(select 1 from tb_userrole ur where ur.userid=u.userid and ur.roleid=1) as checked from tb_user u [ RunTime:0.0010s ]
INFO: [ app_end ] --START--
INFO: Run Behavior\ShowPageTraceBehavior [ RunTime:0.003000s ]
INFO: [ app_end ] --END-- [ RunTime:0.006000s ]

[ 2018-06-14T11:27:23+08:00 ] ::1 /tp2/index.php/home/Permission/editUserRole?rid=1&userids=1
INFO: [ app_init ] --START--
INFO: Run Behavior\BuildLiteBehavior [ RunTime:0.000000s ]
INFO: [ app_init ] --END-- [ RunTime:0.003000s ]
INFO: [ app_begin ] --START--
INFO: Run Behavior\ReadHtmlCacheBehavior [ RunTime:0.002000s ]
INFO: [ app_begin ] --END-- [ RunTime:0.003000s ]
SQL: SHOW COLUMNS FROM `tb_role` [ RunTime:0.0140s ]
SQL: SHOW COLUMNS FROM `tb_userrole` [ RunTime:0.0080s ]
SQL: DELETE FROM `tb_userrole` WHERE ( roleid=1 ) [ RunTime:0.0010s ]
NOTIC: [8] Undefined index: validate E:\php\webapp\tp2\ThinkPHP\Library\Think\Model.class.php 第 1185 行.
SQL: SHOW COLUMNS FROM `tb_userrole` [ RunTime:0.0080s ]
NOTIC: [8] Undefined index: auto E:\php\webapp\tp2\ThinkPHP\Library\Think\Model.class.php 第 1128 行.

[ 2018-06-14T11:29:06+08:00 ] ::1 /tp2/index.php/home/Permission/loadAllRoles
INFO: [ app_init ] --START--
INFO: Run Behavior\BuildLiteBehavior [ RunTime:0.000000s ]
INFO: [ app_init ] --END-- [ RunTime:0.003001s ]
INFO: [ app_begin ] --START--
INFO: Run Behavior\ReadHtmlCacheBehavior [ RunTime:0.002001s ]
INFO: [ app_begin ] --END-- [ RunTime:0.003001s ]
SQL: SHOW COLUMNS FROM `tb_role` [ RunTime:0.0130s ]
SQL: SELECT * FROM `tb_role`  [ RunTime:0.0020s ]
INFO: [ app_end ] --START--
INFO: Run Behavior\ShowPageTraceBehavior [ RunTime:0.003000s ]
INFO: [ app_end ] --END-- [ RunTime:0.007000s ]

[ 2018-06-14T11:29:09+08:00 ] ::1 /tp2/index.php/home/Permission/loadUserRoles?rid=1
INFO: [ app_init ] --START--
INFO: Run Behavior\BuildLiteBehavior [ RunTime:0.000000s ]
INFO: [ app_init ] --END-- [ RunTime:0.003000s ]
INFO: [ app_begin ] --START--
INFO: Run Behavior\ReadHtmlCacheBehavior [ RunTime:0.002000s ]
INFO: [ app_begin ] --END-- [ RunTime:0.003000s ]
SQL: SHOW COLUMNS FROM `tb_role` [ RunTime:0.0110s ]
SQL: select u.userid,u.realname,(select 1 from tb_userrole ur where ur.userid=u.userid and ur.roleid=1) as checked from tb_user u [ RunTime:0.0020s ]
INFO: [ app_end ] --START--
INFO: Run Behavior\ShowPageTraceBehavior [ RunTime:0.002000s ]
INFO: [ app_end ] --END-- [ RunTime:0.006000s ]

[ 2018-06-14T11:29:12+08:00 ] ::1 /tp2/index.php/home/Permission/editUserRole?rid=1&userids=1
INFO: [ app_init ] --START--
INFO: Run Behavior\BuildLiteBehavior [ RunTime:0.001000s ]
INFO: [ app_init ] --END-- [ RunTime:0.003000s ]
INFO: [ app_begin ] --START--
INFO: Run Behavior\ReadHtmlCacheBehavior [ RunTime:0.002000s ]
INFO: [ app_begin ] --END-- [ RunTime:0.003000s ]
SQL: SHOW COLUMNS FROM `tb_role` [ RunTime:0.0140s ]
SQL: SHOW COLUMNS FROM `tb_userrole` [ RunTime:0.0120s ]
SQL: DELETE FROM `tb_userrole` WHERE ( roleid=1 ) [ RunTime:0.0010s ]
SQL: SHOW COLUMNS FROM `tb_userrole` [ RunTime:0.0110s ]
SQL: SHOW COLUMNS FROM `tb_userrole` [ RunTime:0.0060s ]
SQL: INSERT INTO `tb_userrole` (`userid`) VALUES ('1') [ RunTime:0.0040s ]
INFO: [ app_end ] --START--
INFO: Run Behavior\ShowPageTraceBehavior [ RunTime:0.001000s ]
INFO: [ app_end ] --END-- [ RunTime:0.003000s ]

[ 2018-06-14T11:30:11+08:00 ] ::1 /tp2/index.php/home/Permission/loadAllRoles
INFO: [ app_init ] --START--
INFO: Run Behavior\BuildLiteBehavior [ RunTime:0.000000s ]
INFO: [ app_init ] --END-- [ RunTime:0.003000s ]
INFO: [ app_begin ] --START--
INFO: Run Behavior\ReadHtmlCacheBehavior [ RunTime:0.001000s ]
INFO: [ app_begin ] --END-- [ RunTime:0.003001s ]
SQL: SHOW COLUMNS FROM `tb_role` [ RunTime:0.0140s ]
SQL: SELECT * FROM `tb_role`  [ RunTime:0.0020s ]
INFO: [ app_end ] --START--
INFO: Run Behavior\ShowPageTraceBehavior [ RunTime:0.001000s ]
INFO: [ app_end ] --END-- [ RunTime:0.003000s ]

[ 2018-06-14T11:30:13+08:00 ] ::1 /tp2/index.php/home/Permission/loadUserRoles?rid=1
INFO: [ app_init ] --START--
INFO: Run Behavior\BuildLiteBehavior [ RunTime:0.001000s ]
INFO: [ app_init ] --END-- [ RunTime:0.003000s ]
INFO: [ app_begin ] --START--
INFO: Run Behavior\ReadHtmlCacheBehavior [ RunTime:0.001000s ]
INFO: [ app_begin ] --END-- [ RunTime:0.003000s ]
SQL: SHOW COLUMNS FROM `tb_role` [ RunTime:0.0140s ]
SQL: select u.userid,u.realname,(select 1 from tb_userrole ur where ur.userid=u.userid and ur.roleid=1) as checked from tb_user u [ RunTime:0.0020s ]
INFO: [ app_end ] --START--
INFO: Run Behavior\ShowPageTraceBehavior [ RunTime:0.003000s ]
INFO: [ app_end ] --END-- [ RunTime:0.007000s ]

[ 2018-06-14T11:30:16+08:00 ] ::1 /tp2/index.php/home/Permission/editUserRole?rid=1&userids=1
INFO: [ app_init ] --START--
INFO: Run Behavior\BuildLiteBehavior [ RunTime:0.001000s ]
INFO: [ app_init ] --END-- [ RunTime:0.003000s ]
INFO: [ app_begin ] --START--
INFO: Run Behavior\ReadHtmlCacheBehavior [ RunTime:0.001000s ]
INFO: [ app_begin ] --END-- [ RunTime:0.003000s ]
SQL: SHOW COLUMNS FROM `tb_role` [ RunTime:0.0060s ]
INFO: [ app_end ] --START--
INFO: Run Behavior\ShowPageTraceBehavior [ RunTime:0.001000s ]
INFO: [ app_end ] --END-- [ RunTime:0.003001s ]

[ 2018-06-14T11:30:21+08:00 ] ::1 /tp2/index.php/home/Permission/editUserRole?rid=1&userids=1,2,3
INFO: [ app_init ] --START--
INFO: Run Behavior\BuildLiteBehavior [ RunTime:0.000000s ]
INFO: [ app_init ] --END-- [ RunTime:0.002000s ]
INFO: [ app_begin ] --START--
INFO: Run Behavior\ReadHtmlCacheBehavior [ RunTime:0.001000s ]
INFO: [ app_begin ] --END-- [ RunTime:0.003000s ]
SQL: SHOW COLUMNS FROM `tb_role` [ RunTime:0.0130s ]
INFO: [ app_end ] --START--
INFO: Run Behavior\ShowPageTraceBehavior [ RunTime:0.003000s ]
INFO: [ app_end ] --END-- [ RunTime:0.006000s ]

[ 2018-06-14T11:33:11+08:00 ] ::1 /tp2/index.php/home/Permission/loadAllRoles
INFO: [ app_init ] --START--
INFO: Run Behavior\BuildLiteBehavior [ RunTime:0.001000s ]
INFO: [ app_init ] --END-- [ RunTime:0.003000s ]
INFO: [ app_begin ] --START--
INFO: Run Behavior\ReadHtmlCacheBehavior [ RunTime:0.001000s ]
INFO: [ app_begin ] --END-- [ RunTime:0.003000s ]
SQL: SHOW COLUMNS FROM `tb_role` [ RunTime:0.0140s ]
SQL: SELECT * FROM `tb_role`  [ RunTime:0.0020s ]
INFO: [ app_end ] --START--
INFO: Run Behavior\ShowPageTraceBehavior [ RunTime:0.003000s ]
INFO: [ app_end ] --END-- [ RunTime:0.007000s ]

[ 2018-06-14T11:33:13+08:00 ] ::1 /tp2/index.php/home/Permission/loadUserRoles?rid=1
INFO: [ app_init ] --START--
INFO: Run Behavior\BuildLiteBehavior [ RunTime:0.001000s ]
INFO: [ app_init ] --END-- [ RunTime:0.003000s ]
INFO: [ app_begin ] --START--
INFO: Run Behavior\ReadHtmlCacheBehavior [ RunTime:0.002000s ]
INFO: [ app_begin ] --END-- [ RunTime:0.003000s ]
SQL: SHOW COLUMNS FROM `tb_role` [ RunTime:0.0140s ]
SQL: select u.userid,u.realname,(select 1 from tb_userrole ur where ur.userid=u.userid and ur.roleid=1) as checked from tb_user u [ RunTime:0.0020s ]
INFO: [ app_end ] --START--
INFO: Run Behavior\ShowPageTraceBehavior [ RunTime:0.002000s ]
INFO: [ app_end ] --END-- [ RunTime:0.004000s ]

[ 2018-06-14T11:33:18+08:00 ] ::1 /tp2/index.php/home/Permission/editUserRole?rid=1&userids=1,2
INFO: [ app_init ] --START--
INFO: Run Behavior\BuildLiteBehavior [ RunTime:0.001000s ]
INFO: [ app_init ] --END-- [ RunTime:0.004000s ]
INFO: [ app_begin ] --START--
INFO: Run Behavior\ReadHtmlCacheBehavior [ RunTime:0.002000s ]
INFO: [ app_begin ] --END-- [ RunTime:0.003000s ]
SQL: SHOW COLUMNS FROM `tb_role` [ RunTime:0.0130s ]
SQL: SHOW COLUMNS FROM `tb_userrole` [ RunTime:0.0130s ]
SQL: DELETE FROM `tb_userrole` WHERE ( roleid=1 ) [ RunTime:0.0010s ]
SQL: SHOW COLUMNS FROM `tb_userrole` [ RunTime:0.0080s ]
SQL: INSERT INTO `tb_userrole` (`roleid`,`userid`) VALUES ('1','1') [ RunTime:0.0030s ]
SQL: SHOW COLUMNS FROM `tb_userrole` [ RunTime:0.0080s ]
SQL: INSERT INTO `tb_userrole` (`roleid`,`userid`) VALUES ('1','2') [ RunTime:0.0020s ]
INFO: [ app_end ] --START--
INFO: Run Behavior\ShowPageTraceBehavior [ RunTime:0.002000s ]
INFO: [ app_end ] --END-- [ RunTime:0.004000s ]

[ 2018-06-14T11:35:01+08:00 ] ::1 /tp2/index.php/home/Permission/editUserRole?rid=1&userids=1,2,3,4,5,7
INFO: [ app_init ] --START--
INFO: Run Behavior\BuildLiteBehavior [ RunTime:0.001000s ]
INFO: [ app_init ] --END-- [ RunTime:0.004000s ]
INFO: [ app_begin ] --START--
INFO: Run Behavior\ReadHtmlCacheBehavior [ RunTime:0.002000s ]
INFO: [ app_begin ] --END-- [ RunTime:0.003000s ]
SQL: SHOW COLUMNS FROM `tb_role` [ RunTime:0.0140s ]
SQL: SHOW COLUMNS FROM `tb_userrole` [ RunTime:0.0090s ]
SQL: DELETE FROM `tb_userrole` WHERE ( roleid=1 ) [ RunTime:0.0030s ]
SQL: SHOW COLUMNS FROM `tb_userrole` [ RunTime:0.0080s ]
SQL: INSERT INTO `tb_userrole` (`roleid`,`userid`) VALUES ('1','1') [ RunTime:0.0030s ]
SQL: SHOW COLUMNS FROM `tb_userrole` [ RunTime:0.0050s ]
SQL: INSERT INTO `tb_userrole` (`roleid`,`userid`) VALUES ('1','2') [ RunTime:0.0020s ]
SQL: SHOW COLUMNS FROM `tb_userrole` [ RunTime:0.0060s ]
SQL: INSERT INTO `tb_userrole` (`roleid`,`userid`) VALUES ('1','3') [ RunTime:0.0030s ]
SQL: SHOW COLUMNS FROM `tb_userrole` [ RunTime:0.0060s ]
SQL: INSERT INTO `tb_userrole` (`roleid`,`userid`) VALUES ('1','4') [ RunTime:0.0020s ]
SQL: SHOW COLUMNS FROM `tb_userrole` [ RunTime:0.0060s ]
SQL: INSERT INTO `tb_userrole` (`roleid`,`userid`) VALUES ('1','5') [ RunTime:0.0020s ]
SQL: SHOW COLUMNS FROM `tb_userrole` [ RunTime:0.0060s ]
SQL: INSERT INTO `tb_userrole` (`roleid`,`userid`) VALUES ('1','7') [ RunTime:0.0020s ]
INFO: [ app_end ] --START--
INFO: Run Behavior\ShowPageTraceBehavior [ RunTime:0.001000s ]
INFO: [ app_end ] --END-- [ RunTime:0.003000s ]

[ 2018-06-14T11:35:55+08:00 ] ::1 /tp2/index.php/home/user/logout
INFO: [ app_init ] --START--
INFO: Run Behavior\BuildLiteBehavior [ RunTime:0.001000s ]
INFO: [ app_init ] --END-- [ RunTime:0.004000s ]
INFO: [ app_begin ] --START--
INFO: Run Behavior\ReadHtmlCacheBehavior [ RunTime:0.002000s ]
INFO: [ app_begin ] --END-- [ RunTime:0.005000s ]
SQL: SHOW COLUMNS FROM `tb_user` [ RunTime:0.0140s ]
INFO: [ app_end ] --START--
INFO: Run Behavior\ShowPageTraceBehavior [ RunTime:0.004000s ]
INFO: [ app_end ] --END-- [ RunTime:0.009001s ]

[ 2018-06-14T11:36:01+08:00 ] ::1 /tp2/index.php/home/user/login
INFO: [ app_init ] --START--
INFO: Run Behavior\BuildLiteBehavior [ RunTime:0.000000s ]
INFO: [ app_init ] --END-- [ RunTime:0.003000s ]
INFO: [ app_begin ] --START--
INFO: Run Behavior\ReadHtmlCacheBehavior [ RunTime:0.002000s ]
INFO: [ app_begin ] --END-- [ RunTime:0.004000s ]
SQL: SHOW COLUMNS FROM `tb_user` [ RunTime:0.0140s ]
SQL: SELECT * FROM `tb_user` WHERE ( userName='admin2' )  [ RunTime:0.0030s ]
SQL: select m.* from tb_userrole ur, tb_rolemenu rm, tb_menu m where ur.userid=7 and ur.roleid=rm.roleid and rm.menuid=m.mid and m.isHomePage=1 [ RunTime:0.0030s ]
INFO: [ app_end ] --START--
INFO: Run Behavior\ShowPageTraceBehavior [ RunTime:0.004000s ]
INFO: [ app_end ] --END-- [ RunTime:0.009000s ]

[ 2018-06-14T11:37:59+08:00 ] ::1 /tp2/index.php/home/user/logout
INFO: [ app_init ] --START--
INFO: Run Behavior\BuildLiteBehavior [ RunTime:0.000000s ]
INFO: [ app_init ] --END-- [ RunTime:0.003000s ]
INFO: [ app_begin ] --START--
INFO: Run Behavior\ReadHtmlCacheBehavior [ RunTime:0.001000s ]
INFO: [ app_begin ] --END-- [ RunTime:0.004001s ]
SQL: SHOW COLUMNS FROM `tb_user` [ RunTime:0.0160s ]
INFO: [ app_end ] --START--
INFO: Run Behavior\ShowPageTraceBehavior [ RunTime:0.003000s ]
INFO: [ app_end ] --END-- [ RunTime:0.009000s ]

[ 2018-06-14T11:38:09+08:00 ] ::1 /tp2/index.php/home/user/login
INFO: [ app_init ] --START--
INFO: Run Behavior\BuildLiteBehavior [ RunTime:0.001000s ]
INFO: [ app_init ] --END-- [ RunTime:0.003000s ]
INFO: [ app_begin ] --START--
INFO: Run Behavior\ReadHtmlCacheBehavior [ RunTime:0.001000s ]
INFO: [ app_begin ] --END-- [ RunTime:0.003000s ]
SQL: SHOW COLUMNS FROM `tb_user` [ RunTime:0.0140s ]
SQL: SELECT * FROM `tb_user` WHERE ( userName='admin2' )  [ RunTime:0.0010s ]
SQL: select distinct m.* from tb_userrole ur, tb_rolemenu rm, tb_menu m where ur.userid=7 and ur.roleid=rm.roleid and rm.menuid=m.mid and m.isHomePage=1 [ RunTime:0.0010s ]
INFO: [ app_end ] --START--
INFO: Run Behavior\ShowPageTraceBehavior [ RunTime:0.002000s ]
INFO: [ app_end ] --END-- [ RunTime:0.003000s ]

[ 2018-06-14T11:38:26+08:00 ] ::1 /tp2/index.php/home/Permission/loadAllRoles
INFO: [ app_init ] --START--
INFO: Run Behavior\BuildLiteBehavior [ RunTime:0.000000s ]
INFO: [ app_init ] --END-- [ RunTime:0.003001s ]
INFO: [ app_begin ] --START--
INFO: Run Behavior\ReadHtmlCacheBehavior [ RunTime:0.001000s ]
INFO: [ app_begin ] --END-- [ RunTime:0.003001s ]
SQL: SHOW COLUMNS FROM `tb_role` [ RunTime:0.0140s ]
SQL: SELECT * FROM `tb_role`  [ RunTime:0.0020s ]
INFO: [ app_end ] --START--
INFO: Run Behavior\ShowPageTraceBehavior [ RunTime:0.003000s ]
INFO: [ app_end ] --END-- [ RunTime:0.006000s ]

[ 2018-06-14T11:38:29+08:00 ] ::1 /tp2/index.php/home/Permission/loadUserRoles?rid=1
INFO: [ app_init ] --START--
INFO: Run Behavior\BuildLiteBehavior [ RunTime:0.000000s ]
INFO: [ app_init ] --END-- [ RunTime:0.002000s ]
INFO: [ app_begin ] --START--
INFO: Run Behavior\ReadHtmlCacheBehavior [ RunTime:0.001000s ]
INFO: [ app_begin ] --END-- [ RunTime:0.003000s ]
SQL: SHOW COLUMNS FROM `tb_role` [ RunTime:0.0130s ]
SQL: select u.userid,u.realname,(select 1 from tb_userrole ur where ur.userid=u.userid and ur.roleid=1) as checked from tb_user u [ RunTime:0.0020s ]
INFO: [ app_end ] --START--
INFO: Run Behavior\ShowPageTraceBehavior [ RunTime:0.003000s ]
INFO: [ app_end ] --END-- [ RunTime:0.007000s ]

[ 2018-06-14T11:38:33+08:00 ] ::1 /tp2/index.php/home/Permission/editUserRole?rid=1&userids=1,2,3
INFO: [ app_init ] --START--
INFO: Run Behavior\BuildLiteBehavior [ RunTime:0.001000s ]
INFO: [ app_init ] --END-- [ RunTime:0.003000s ]
INFO: [ app_begin ] --START--
INFO: Run Behavior\ReadHtmlCacheBehavior [ RunTime:0.001000s ]
INFO: [ app_begin ] --END-- [ RunTime:0.003000s ]
SQL: SHOW COLUMNS FROM `tb_role` [ RunTime:0.0130s ]
SQL: SHOW COLUMNS FROM `tb_userrole` [ RunTime:0.0140s ]
SQL: DELETE FROM `tb_userrole` WHERE ( roleid=1 ) [ RunTime:0.0040s ]
SQL: SHOW COLUMNS FROM `tb_userrole` [ RunTime:0.0080s ]
SQL: INSERT INTO `tb_userrole` (`roleid`,`userid`) VALUES ('1','1') [ RunTime:0.0020s ]
SQL: SHOW COLUMNS FROM `tb_userrole` [ RunTime:0.0050s ]
SQL: INSERT INTO `tb_userrole` (`roleid`,`userid`) VALUES ('1','2') [ RunTime:0.0030s ]
SQL: SHOW COLUMNS FROM `tb_userrole` [ RunTime:0.0060s ]
SQL: INSERT INTO `tb_userrole` (`roleid`,`userid`) VALUES ('1','3') [ RunTime:0.0030s ]
INFO: [ app_end ] --START--
INFO: Run Behavior\ShowPageTraceBehavior [ RunTime:0.001000s ]
INFO: [ app_end ] --END-- [ RunTime:0.003000s ]

[ 2018-06-14T11:38:39+08:00 ] ::1 /tp2/index.php/home/Permission/loadAllRoles
INFO: [ app_init ] --START--
INFO: Run Behavior\BuildLiteBehavior [ RunTime:0.000000s ]
INFO: [ app_init ] --END-- [ RunTime:0.003001s ]
INFO: [ app_begin ] --START--
INFO: Run Behavior\ReadHtmlCacheBehavior [ RunTime:0.001000s ]
INFO: [ app_begin ] --END-- [ RunTime:0.003001s ]
SQL: SHOW COLUMNS FROM `tb_role` [ RunTime:0.0130s ]
SQL: SELECT * FROM `tb_role`  [ RunTime:0.0010s ]
INFO: [ app_end ] --START--
INFO: Run Behavior\ShowPageTraceBehavior [ RunTime:0.001000s ]
INFO: [ app_end ] --END-- [ RunTime:0.004000s ]

[ 2018-06-14T11:39:16+08:00 ] ::1 /tp2/index.php/home/Permission/loadUserRoles?rid=1
INFO: [ app_init ] --START--
INFO: Run Behavior\BuildLiteBehavior [ RunTime:0.001000s ]
INFO: [ app_init ] --END-- [ RunTime:0.003000s ]
INFO: [ app_begin ] --START--
INFO: Run Behavior\ReadHtmlCacheBehavior [ RunTime:0.002000s ]
INFO: [ app_begin ] --END-- [ RunTime:0.003000s ]
SQL: SHOW COLUMNS FROM `tb_role` [ RunTime:0.0140s ]
SQL: select u.userid,u.realname,(select 1 from tb_userrole ur where ur.userid=u.userid and ur.roleid=1) as checked from tb_user u [ RunTime:0.0030s ]
INFO: [ app_end ] --START--
INFO: Run Behavior\ShowPageTraceBehavior [ RunTime:0.003000s ]
INFO: [ app_end ] --END-- [ RunTime:0.007000s ]

[ 2018-06-14T11:40:13+08:00 ] ::1 /tp2/index.php/home/Permission/loadAllRoles
INFO: [ app_init ] --START--
INFO: Run Behavior\BuildLiteBehavior [ RunTime:0.001000s ]
INFO: [ app_init ] --END-- [ RunTime:0.003000s ]
INFO: [ app_begin ] --START--
INFO: Run Behavior\ReadHtmlCacheBehavior [ RunTime:0.002000s ]
INFO: [ app_begin ] --END-- [ RunTime:0.004000s ]
SQL: SHOW COLUMNS FROM `tb_role` [ RunTime:0.0120s ]
SQL: SELECT * FROM `tb_role`  [ RunTime:0.0010s ]
INFO: [ app_end ] --START--
INFO: Run Behavior\ShowPageTraceBehavior [ RunTime:0.002000s ]
INFO: [ app_end ] --END-- [ RunTime:0.004000s ]

[ 2018-06-14T11:40:16+08:00 ] ::1 /tp2/index.php/home/Permission/loadUserRoles?rid=1
INFO: [ app_init ] --START--
INFO: Run Behavior\BuildLiteBehavior [ RunTime:0.000000s ]
INFO: [ app_init ] --END-- [ RunTime:0.002000s ]
INFO: [ app_begin ] --START--
INFO: Run Behavior\ReadHtmlCacheBehavior [ RunTime:0.001000s ]
INFO: [ app_begin ] --END-- [ RunTime:0.003000s ]
SQL: SHOW COLUMNS FROM `tb_role` [ RunTime:0.0100s ]
SQL: select u.userid,u.realname,(select 1 from tb_userrole ur where ur.userid=u.userid and ur.roleid=1) as checked from tb_user u [ RunTime:0.0010s ]
INFO: [ app_end ] --START--
INFO: Run Behavior\ShowPageTraceBehavior [ RunTime:0.002001s ]
INFO: [ app_end ] --END-- [ RunTime:0.004001s ]

[ 2018-06-14T11:40:19+08:00 ] ::1 /tp2/index.php/home/Permission/loadAllRoles
INFO: [ app_init ] --START--
INFO: Run Behavior\BuildLiteBehavior [ RunTime:0.000000s ]
INFO: [ app_init ] --END-- [ RunTime:0.003000s ]
INFO: [ app_begin ] --START--
INFO: Run Behavior\ReadHtmlCacheBehavior [ RunTime:0.001000s ]
INFO: [ app_begin ] --END-- [ RunTime:0.003000s ]
SQL: SHOW COLUMNS FROM `tb_role` [ RunTime:0.0140s ]
SQL: SELECT * FROM `tb_role`  [ RunTime:0.0020s ]
INFO: [ app_end ] --START--
INFO: Run Behavior\ShowPageTraceBehavior [ RunTime:0.003000s ]
INFO: [ app_end ] --END-- [ RunTime:0.007001s ]

[ 2018-06-14T11:40:29+08:00 ] ::1 /tp2/index.php/home/Permission/loadUserRoles?rid=2
INFO: [ app_init ] --START--
INFO: Run Behavior\BuildLiteBehavior [ RunTime:0.000000s ]
INFO: [ app_init ] --END-- [ RunTime:0.003000s ]
INFO: [ app_begin ] --START--
INFO: Run Behavior\ReadHtmlCacheBehavior [ RunTime:0.002000s ]
INFO: [ app_begin ] --END-- [ RunTime:0.003000s ]
SQL: SHOW COLUMNS FROM `tb_role` [ RunTime:0.0130s ]
SQL: select u.userid,u.realname,(select 1 from tb_userrole ur where ur.userid=u.userid and ur.roleid=2) as checked from tb_user u [ RunTime:0.0010s ]
INFO: [ app_end ] --START--
INFO: Run Behavior\ShowPageTraceBehavior [ RunTime:0.003000s ]
INFO: [ app_end ] --END-- [ RunTime:0.006000s ]

[ 2018-06-14T11:41:41+08:00 ] ::1 /tp2/index.php/home/Permission/loadAllRoles
INFO: [ app_init ] --START--
INFO: Run Behavior\BuildLiteBehavior [ RunTime:0.001000s ]
INFO: [ app_init ] --END-- [ RunTime:0.003000s ]
INFO: [ app_begin ] --START--
INFO: Run Behavior\ReadHtmlCacheBehavior [ RunTime:0.002000s ]
INFO: [ app_begin ] --END-- [ RunTime:0.003000s ]
SQL: SHOW COLUMNS FROM `tb_role` [ RunTime:0.0110s ]
SQL: SELECT * FROM `tb_role`  [ RunTime:0.0010s ]
INFO: [ app_end ] --START--
INFO: Run Behavior\ShowPageTraceBehavior [ RunTime:0.001000s ]
INFO: [ app_end ] --END-- [ RunTime:0.003000s ]

[ 2018-06-14T11:41:50+08:00 ] ::1 /tp2/index.php/home/Permission/loadAllRoles
INFO: [ app_init ] --START--
INFO: Run Behavior\BuildLiteBehavior [ RunTime:0.000000s ]
INFO: [ app_init ] --END-- [ RunTime:0.002000s ]
INFO: [ app_begin ] --START--
INFO: Run Behavior\ReadHtmlCacheBehavior [ RunTime:0.001000s ]
INFO: [ app_begin ] --END-- [ RunTime:0.003000s ]
SQL: SHOW COLUMNS FROM `tb_role` [ RunTime:0.0060s ]
SQL: SELECT * FROM `tb_role`  [ RunTime:0.0000s ]
INFO: [ app_end ] --START--
INFO: Run Behavior\ShowPageTraceBehavior [ RunTime:0.001000s ]
INFO: [ app_end ] --END-- [ RunTime:0.003000s ]

[ 2018-06-14T11:42:20+08:00 ] ::1 /tp2/index.php/home/Permission/loadAllRoles
INFO: [ app_init ] --START--
INFO: Run Behavior\BuildLiteBehavior [ RunTime:0.001000s ]
INFO: [ app_init ] --END-- [ RunTime:0.003000s ]
INFO: [ app_begin ] --START--
INFO: Run Behavior\ReadHtmlCacheBehavior [ RunTime:0.001000s ]
INFO: [ app_begin ] --END-- [ RunTime:0.003000s ]
SQL: SHOW COLUMNS FROM `tb_role` [ RunTime:0.0120s ]
SQL: SELECT * FROM `tb_role`  [ RunTime:0.0020s ]
INFO: [ app_end ] --START--
INFO: Run Behavior\ShowPageTraceBehavior [ RunTime:0.003000s ]
INFO: [ app_end ] --END-- [ RunTime:0.008001s ]

[ 2018-06-14T11:48:28+08:00 ] ::1 /tp2/index.php/home/Permission/loadUserRoles?rid=1
INFO: [ app_init ] --START--
INFO: Run Behavior\BuildLiteBehavior [ RunTime:0.000000s ]
INFO: [ app_init ] --END-- [ RunTime:0.004000s ]
INFO: [ app_begin ] --START--
INFO: Run Behavior\ReadHtmlCacheBehavior [ RunTime:0.002000s ]
INFO: [ app_begin ] --END-- [ RunTime:0.004000s ]
SQL: SHOW COLUMNS FROM `tb_role` [ RunTime:3.2262s ]
SQL: select u.userid,u.realname,(select 1 from tb_userrole ur where ur.userid=u.userid and ur.roleid=1) as checked from tb_user u [ RunTime:0.0010s ]
INFO: [ app_end ] --START--
INFO: Run Behavior\ShowPageTraceBehavior [ RunTime:0.003000s ]
INFO: [ app_end ] --END-- [ RunTime:0.008001s ]

